<?xml version="1.0" encoding="UTF-8"?>
<!-- Generated by org.testng.reporters.JUnitReportReporter -->
<testsuite hostname="VDO109.local" name="projects.e2etest.ConcurrencyPoC_CompletableFuture" tests="1" failures="0" timestamp="26 Jan 2017 15:12:19 GMT" time="0.116" errors="0">
  <testcase name="main" time="0.116" classname="projects.e2etest.ConcurrencyPoC_CompletableFuture"/>
</testsuite> <!-- projects.e2etest.ConcurrencyPoC_CompletableFuture -->
