<?xml version="1.0" encoding="UTF-8"?>
<!-- Generated by org.testng.reporters.JUnitReportReporter -->
<testsuite hostname="VDO109.local" name="projects.e2etest.TestClass" tests="1" failures="0" timestamp="25 May 2017 06:30:43 GMT" time="1.945" errors="0">
  <testcase name="main" time="1.945" classname="projects.e2etest.TestClass"/>
</testsuite> <!-- projects.e2etest.TestClass -->
