<?xml version="1.0" encoding="UTF-8"?>
<!-- Generated by org.testng.reporters.JUnitReportReporter -->
<testsuite hostname="VDO109.local" name="projects.RequestSender_Pixalate" tests="1" failures="0" timestamp="5 Jun 2017 10:01:36 GMT" time="85.618" errors="0">
  <testcase name="test" time="85.618" classname="projects.RequestSender_Pixalate"/>
</testsuite> <!-- projects.RequestSender_Pixalate -->
