<?xml version="1.0" encoding="UTF-8"?>
<!-- Generated by org.testng.reporters.JUnitReportReporter -->
<testsuite hostname="VDO109.local" name="projects.grid.NodeSetupLib" tests="1" failures="0" timestamp="27 Jun 2017 20:12:07 GMT" time="0.002" errors="1">
  <testcase name="launchConfig" time="0.002" classname="projects.grid.NodeSetupLib">
    <error type="org.testng.TestNGException" message="
Parameter &#039;ReRun&#039; is required by @Configuration on method beforeSuite but has not been marked @Optional or defined
">
      <![CDATA[org.testng.TestNGException: 
Parameter 'ReRun' is required by @Configuration on method beforeSuite but has not been marked @Optional or defined

	at org.testng.internal.Parameters.createParameters(Parameters.java:154)
	at org.testng.internal.Parameters.createParameters(Parameters.java:361)
	at org.testng.internal.Parameters.createConfigurationParameters(Parameters.java:84)
	at org.testng.internal.Invoker.invokeConfigurations(Invoker.java:201)
	at org.testng.internal.Invoker.invokeConfigurations(Invoker.java:142)
	at org.testng.SuiteRunner.privateRun(SuiteRunner.java:305)
	at org.testng.SuiteRunner.run(SuiteRunner.java:268)
	at org.testng.SuiteRunnerWorker.runSuite(SuiteRunnerWorker.java:52)
	at org.testng.SuiteRunnerWorker.run(SuiteRunnerWorker.java:86)
	at org.testng.TestNG.runSuitesSequentially(TestNG.java:1244)
	at org.testng.TestNG.runSuitesLocally(TestNG.java:1169)
	at org.testng.TestNG.run(TestNG.java:1064)
	at projects.grid.NodeSetupLib.main(NodeSetupLib.java:31)
]]>
    </error>
  </testcase> <!-- launchConfig -->
</testsuite> <!-- projects.grid.NodeSetupLib -->
