<?xml version="1.0" encoding="UTF-8"?>
<!-- Generated by org.testng.reporters.JUnitReportReporter -->
<testsuite hostname="VDO109.local" name="projects.portal.TestClass" tests="1" failures="0" timestamp="29 May 2017 09:41:09 GMT" time="0.365" errors="0">
  <testcase name="test2" time="0.365" classname="projects.portal.TestClass"/>
</testsuite> <!-- projects.portal.TestClass -->
