<?xml version="1.0" encoding="UTF-8"?>
<!-- Generated by org.testng.reporters.JUnitReportReporter -->
<testsuite hostname="VDO109.local" name="projects.portal.ExecuteTestObjectsParallely" tests="1" failures="0" timestamp="19 Jul 2017 04:50:35 GMT" time="0.003" errors="1">
  <testcase name="runTests" time="0.003" classname="projects.portal.ExecuteTestObjectsParallely">
    <error type="org.testng.TestNGException" message="
Parameter &#039;ReRun&#039; is required by @Configuration on method beforeSuite but has not been marked @Optional or defined
in /Users/Pankaj/Desktop/qaAutomation/qascripting/keywordDrivenFramework-II/exe/testng_gui.xml">
      <![CDATA[org.testng.TestNGException: 
Parameter 'ReRun' is required by @Configuration on method beforeSuite but has not been marked @Optional or defined
in /Users/Pankaj/Desktop/qaAutomation/qascripting/keywordDrivenFramework-II/exe/testng_gui.xml
	at org.testng.internal.Parameters.createParameters(Parameters.java:154)
	at org.testng.internal.Parameters.createParameters(Parameters.java:361)
	at org.testng.internal.Parameters.createConfigurationParameters(Parameters.java:84)
	at org.testng.internal.Invoker.invokeConfigurations(Invoker.java:201)
	at org.testng.internal.Invoker.invokeConfigurations(Invoker.java:142)
	at org.testng.SuiteRunner.privateRun(SuiteRunner.java:305)
	at org.testng.SuiteRunner.run(SuiteRunner.java:268)
	at org.testng.SuiteRunnerWorker.runSuite(SuiteRunnerWorker.java:52)
	at org.testng.SuiteRunnerWorker.run(SuiteRunnerWorker.java:86)
	at org.testng.TestNG.runSuitesSequentially(TestNG.java:1244)
	at org.testng.TestNG.runSuitesLocally(TestNG.java:1169)
	at org.testng.TestNG.run(TestNG.java:1064)
	at org.testng.remote.RemoteTestNG.run(RemoteTestNG.java:113)
	at org.testng.remote.RemoteTestNG.initAndRun(RemoteTestNG.java:206)
	at org.testng.remote.RemoteTestNG.main(RemoteTestNG.java:177)
]]>
    </error>
  </testcase> <!-- runTests -->
</testsuite> <!-- projects.portal.ExecuteTestObjectsParallely -->
