<?xml version="1.0" encoding="UTF-8"?>
<!-- Generated by org.testng.reporters.JUnitReportReporter -->
<testsuite hostname="VDO109.local" name="projects.portal.LaunchTestsObjects" tests="1" failures="0" timestamp="2 Jun 2017 17:49:49 GMT" time="114.861" errors="0">
  <testcase name="runTests" time="114.861" classname="projects.portal.LaunchTestsObjects"/>
</testsuite> <!-- projects.portal.LaunchTestsObjects -->
